[30-Apr-2015 06:32:25 UTC] PHP Notice:  Undefined variable: info in /Users/dan/Documents/Sites/_24/sample-installs/wordpress/cms/wp-content/themes/_24/library/functions/update-theme.php on line 152
[30-Apr-2015 06:32:26 UTC] PHP Warning:  Cannot modify header information - headers already sent by (output started at /Users/dan/Documents/Sites/_24/sample-installs/wordpress/cms/wp-content/themes/_24/library/functions/update-theme.php:152) in /Users/dan/Documents/Sites/_24/sample-installs/wordpress/cms/wp-includes/option.php on line 748
[30-Apr-2015 06:32:26 UTC] PHP Warning:  Cannot modify header information - headers already sent by (output started at /Users/dan/Documents/Sites/_24/sample-installs/wordpress/cms/wp-content/themes/_24/library/functions/update-theme.php:152) in /Users/dan/Documents/Sites/_24/sample-installs/wordpress/cms/wp-includes/option.php on line 749
[30-Apr-2015 06:34:57 UTC] PHP Notice:  Undefined variable: info in /Users/dan/Documents/Sites/_24/sample-installs/wordpress/cms/wp-content/themes/_24/library/functions/update-theme.php on line 152
[30-Apr-2015 06:34:57 UTC] PHP Notice:  Undefined variable: info in /Users/dan/Documents/Sites/_24/sample-installs/wordpress/cms/wp-content/themes/_24/library/functions/update-theme.php on line 152
[30-Apr-2015 06:34:57 UTC] PHP Notice:  Undefined variable: info in /Users/dan/Documents/Sites/_24/sample-installs/wordpress/cms/wp-content/themes/_24/library/functions/update-theme.php on line 152
[30-Apr-2015 06:34:57 UTC] PHP Notice:  Undefined variable: info in /Users/dan/Documents/Sites/_24/sample-installs/wordpress/cms/wp-content/themes/_24/library/functions/update-theme.php on line 152
[30-Apr-2015 06:34:58 UTC] PHP Notice:  Undefined variable: info in /Users/dan/Documents/Sites/_24/sample-installs/wordpress/cms/wp-content/themes/_24/library/functions/update-theme.php on line 152
[30-Apr-2015 06:34:59 UTC] PHP Warning:  Cannot modify header information - headers already sent by (output started at /Users/dan/Documents/Sites/_24/sample-installs/wordpress/cms/wp-content/themes/_24/library/functions/update-theme.php:152) in /Users/dan/Documents/Sites/_24/sample-installs/wordpress/cms/wp-includes/option.php on line 748
[30-Apr-2015 06:34:59 UTC] PHP Warning:  Cannot modify header information - headers already sent by (output started at /Users/dan/Documents/Sites/_24/sample-installs/wordpress/cms/wp-content/themes/_24/library/functions/update-theme.php:152) in /Users/dan/Documents/Sites/_24/sample-installs/wordpress/cms/wp-includes/option.php on line 749
[30-Apr-2015 06:34:59 UTC] PHP Notice:  Undefined variable: info in /Users/dan/Documents/Sites/_24/sample-installs/wordpress/cms/wp-content/themes/_24/library/functions/update-theme.php on line 152
[30-Apr-2015 06:34:59 UTC] PHP Notice:  Undefined variable: info in /Users/dan/Documents/Sites/_24/sample-installs/wordpress/cms/wp-content/themes/_24/library/functions/update-theme.php on line 152
[30-Apr-2015 06:35:02 UTC] PHP Notice:  Undefined variable: info in /Users/dan/Documents/Sites/_24/sample-installs/wordpress/cms/wp-content/themes/_24/library/functions/update-theme.php on line 152
[30-Apr-2015 06:35:02 UTC] PHP Notice:  Undefined variable: info in /Users/dan/Documents/Sites/_24/sample-installs/wordpress/cms/wp-content/themes/_24/library/functions/update-theme.php on line 152
[30-Apr-2015 06:35:22 UTC] PHP Notice:  Undefined variable: info in /Users/dan/Documents/Sites/_24/sample-installs/wordpress/cms/wp-content/themes/_24/library/functions/update-theme.php on line 152
[30-Apr-2015 06:35:22 UTC] PHP Notice:  Undefined variable: info in /Users/dan/Documents/Sites/_24/sample-installs/wordpress/cms/wp-content/themes/_24/library/functions/update-theme.php on line 152
[30-Apr-2015 06:35:22 UTC] PHP Notice:  Undefined variable: info in /Users/dan/Documents/Sites/_24/sample-installs/wordpress/cms/wp-content/themes/_24/library/functions/update-theme.php on line 152
[30-Apr-2015 06:35:22 UTC] PHP Notice:  Undefined variable: info in /Users/dan/Documents/Sites/_24/sample-installs/wordpress/cms/wp-content/themes/_24/library/functions/update-theme.php on line 152
[30-Apr-2015 06:35:22 UTC] PHP Notice:  Undefined variable: info in /Users/dan/Documents/Sites/_24/sample-installs/wordpress/cms/wp-content/themes/_24/library/functions/update-theme.php on line 152
[30-Apr-2015 06:35:23 UTC] PHP Warning:  Cannot modify header information - headers already sent by (output started at /Users/dan/Documents/Sites/_24/sample-installs/wordpress/cms/wp-content/themes/_24/library/functions/update-theme.php:152) in /Users/dan/Documents/Sites/_24/sample-installs/wordpress/cms/wp-includes/option.php on line 748
[30-Apr-2015 06:35:23 UTC] PHP Warning:  Cannot modify header information - headers already sent by (output started at /Users/dan/Documents/Sites/_24/sample-installs/wordpress/cms/wp-content/themes/_24/library/functions/update-theme.php:152) in /Users/dan/Documents/Sites/_24/sample-installs/wordpress/cms/wp-includes/option.php on line 749
[30-Apr-2015 06:35:23 UTC] PHP Notice:  Undefined variable: info in /Users/dan/Documents/Sites/_24/sample-installs/wordpress/cms/wp-content/themes/_24/library/functions/update-theme.php on line 152
[30-Apr-2015 06:35:23 UTC] PHP Notice:  Undefined variable: info in /Users/dan/Documents/Sites/_24/sample-installs/wordpress/cms/wp-content/themes/_24/library/functions/update-theme.php on line 152
[30-Apr-2015 06:35:28 UTC] PHP Notice:  Undefined variable: info in /Users/dan/Documents/Sites/_24/sample-installs/wordpress/cms/wp-content/themes/_24/library/functions/update-theme.php on line 152
[30-Apr-2015 06:35:28 UTC] PHP Notice:  Undefined variable: info in /Users/dan/Documents/Sites/_24/sample-installs/wordpress/cms/wp-content/themes/_24/library/functions/update-theme.php on line 152
[30-Apr-2015 06:39:04 UTC] PHP Notice:  Undefined variable: info in /Users/dan/Documents/Sites/_24/sample-installs/wordpress/cms/wp-content/themes/_24/library/functions/update-theme.php on line 150
[30-Apr-2015 06:40:14 UTC] PHP Notice:  Undefined variable: info in /Users/dan/Documents/Sites/_24/sample-installs/wordpress/cms/wp-content/themes/_24/library/functions/update-theme.php on line 153
[30-Apr-2015 06:40:14 UTC] PHP Notice:  Undefined variable: info in /Users/dan/Documents/Sites/_24/sample-installs/wordpress/cms/wp-content/themes/_24/library/functions/update-theme.php on line 153
[30-Apr-2015 06:40:14 UTC] PHP Notice:  Undefined variable: info in /Users/dan/Documents/Sites/_24/sample-installs/wordpress/cms/wp-content/themes/_24/library/functions/update-theme.php on line 153
[30-Apr-2015 06:40:14 UTC] PHP Notice:  Undefined variable: info in /Users/dan/Documents/Sites/_24/sample-installs/wordpress/cms/wp-content/themes/_24/library/functions/update-theme.php on line 153
[30-Apr-2015 06:40:15 UTC] PHP Notice:  Undefined variable: info in /Users/dan/Documents/Sites/_24/sample-installs/wordpress/cms/wp-content/themes/_24/library/functions/update-theme.php on line 153
[30-Apr-2015 06:40:17 UTC] PHP Notice:  Undefined variable: info in /Users/dan/Documents/Sites/_24/sample-installs/wordpress/cms/wp-content/themes/_24/library/functions/update-theme.php on line 153
[30-Apr-2015 06:40:17 UTC] PHP Notice:  Undefined variable: info in /Users/dan/Documents/Sites/_24/sample-installs/wordpress/cms/wp-content/themes/_24/library/functions/update-theme.php on line 153
[30-Apr-2015 06:40:17 UTC] PHP Notice:  Undefined variable: info in /Users/dan/Documents/Sites/_24/sample-installs/wordpress/cms/wp-content/themes/_24/library/functions/update-theme.php on line 153
[30-Apr-2015 06:40:17 UTC] PHP Notice:  Undefined variable: info in /Users/dan/Documents/Sites/_24/sample-installs/wordpress/cms/wp-content/themes/_24/library/functions/update-theme.php on line 153
[30-Apr-2015 06:40:17 UTC] PHP Warning:  Cannot modify header information - headers already sent by (output started at /Users/dan/Documents/Sites/_24/sample-installs/wordpress/cms/wp-content/themes/_24/library/functions/update-theme.php:153) in /Users/dan/Documents/Sites/_24/sample-installs/wordpress/cms/wp-includes/option.php on line 748
[30-Apr-2015 06:40:17 UTC] PHP Warning:  Cannot modify header information - headers already sent by (output started at /Users/dan/Documents/Sites/_24/sample-installs/wordpress/cms/wp-content/themes/_24/library/functions/update-theme.php:153) in /Users/dan/Documents/Sites/_24/sample-installs/wordpress/cms/wp-includes/option.php on line 749
[30-Apr-2015 06:40:17 UTC] PHP Notice:  Undefined variable: info in /Users/dan/Documents/Sites/_24/sample-installs/wordpress/cms/wp-content/themes/_24/library/functions/update-theme.php on line 153
[30-Apr-2015 06:40:17 UTC] PHP Notice:  Undefined variable: info in /Users/dan/Documents/Sites/_24/sample-installs/wordpress/cms/wp-content/themes/_24/library/functions/update-theme.php on line 153
[30-Apr-2015 06:40:18 UTC] PHP Notice:  Undefined variable: info in /Users/dan/Documents/Sites/_24/sample-installs/wordpress/cms/wp-content/themes/_24/library/functions/update-theme.php on line 153
[30-Apr-2015 06:40:19 UTC] PHP Warning:  Cannot modify header information - headers already sent by (output started at /Users/dan/Documents/Sites/_24/sample-installs/wordpress/cms/wp-content/themes/_24/library/functions/update-theme.php:153) in /Users/dan/Documents/Sites/_24/sample-installs/wordpress/cms/wp-includes/option.php on line 748
[30-Apr-2015 06:40:19 UTC] PHP Warning:  Cannot modify header information - headers already sent by (output started at /Users/dan/Documents/Sites/_24/sample-installs/wordpress/cms/wp-content/themes/_24/library/functions/update-theme.php:153) in /Users/dan/Documents/Sites/_24/sample-installs/wordpress/cms/wp-includes/option.php on line 749
[30-Apr-2015 06:40:19 UTC] PHP Notice:  Undefined variable: info in /Users/dan/Documents/Sites/_24/sample-installs/wordpress/cms/wp-content/themes/_24/library/functions/update-theme.php on line 153
[30-Apr-2015 06:40:19 UTC] PHP Notice:  Undefined variable: info in /Users/dan/Documents/Sites/_24/sample-installs/wordpress/cms/wp-content/themes/_24/library/functions/update-theme.php on line 153
[30-Apr-2015 06:40:23 UTC] PHP Notice:  Undefined variable: info in /Users/dan/Documents/Sites/_24/sample-installs/wordpress/cms/wp-content/themes/_24/library/functions/update-theme.php on line 153
[30-Apr-2015 06:40:23 UTC] PHP Notice:  Undefined variable: info in /Users/dan/Documents/Sites/_24/sample-installs/wordpress/cms/wp-content/themes/_24/library/functions/update-theme.php on line 153
[30-Apr-2015 06:49:01 UTC] PHP Notice:  Undefined variable: info in /Users/dan/Documents/Sites/_24/sample-installs/wordpress/cms/wp-content/themes/_24/library/functions/update-theme.php on line 158
[30-Apr-2015 06:49:31 UTC] PHP Notice:  Undefined variable: info in /Users/dan/Documents/Sites/_24/sample-installs/wordpress/cms/wp-content/themes/_24/library/functions/update-theme.php on line 160
[30-Apr-2015 06:50:10 UTC] PHP Notice:  Undefined variable: info in /Users/dan/Documents/Sites/_24/sample-installs/wordpress/cms/wp-content/themes/_24/library/functions/update-theme.php on line 160
[30-Apr-2015 06:52:18 UTC] PHP Warning:  Illegal string offset 'version' in /Users/dan/Documents/Sites/_24/sample-installs/wordpress/cms/wp-content/themes/_24/library/functions/update-theme.php on line 90
[30-Apr-2015 06:52:18 UTC] PHP Warning:  Illegal string offset 'homepage' in /Users/dan/Documents/Sites/_24/sample-installs/wordpress/cms/wp-content/themes/_24/library/functions/update-theme.php on line 91
[30-Apr-2015 06:52:18 UTC] PHP Warning:  Illegal string offset 'version' in /Users/dan/Documents/Sites/_24/sample-installs/wordpress/cms/wp-content/themes/_24/library/functions/update-theme.php on line 92
[30-Apr-2015 06:52:18 UTC] PHP Warning:  Illegal string offset 'version' in /Users/dan/Documents/Sites/_24/sample-installs/wordpress/cms/wp-content/themes/_24/library/functions/update-theme.php on line 90
[30-Apr-2015 06:52:18 UTC] PHP Warning:  Illegal string offset 'homepage' in /Users/dan/Documents/Sites/_24/sample-installs/wordpress/cms/wp-content/themes/_24/library/functions/update-theme.php on line 91
[30-Apr-2015 06:52:18 UTC] PHP Warning:  Illegal string offset 'version' in /Users/dan/Documents/Sites/_24/sample-installs/wordpress/cms/wp-content/themes/_24/library/functions/update-theme.php on line 92
[30-Apr-2015 06:52:18 UTC] PHP Warning:  Illegal string offset 'version' in /Users/dan/Documents/Sites/_24/sample-installs/wordpress/cms/wp-content/themes/_24/library/functions/update-theme.php on line 90
[30-Apr-2015 06:52:18 UTC] PHP Warning:  Illegal string offset 'homepage' in /Users/dan/Documents/Sites/_24/sample-installs/wordpress/cms/wp-content/themes/_24/library/functions/update-theme.php on line 91
[30-Apr-2015 06:52:18 UTC] PHP Warning:  Illegal string offset 'version' in /Users/dan/Documents/Sites/_24/sample-installs/wordpress/cms/wp-content/themes/_24/library/functions/update-theme.php on line 92
[30-Apr-2015 06:52:18 UTC] PHP Warning:  Illegal string offset 'version' in /Users/dan/Documents/Sites/_24/sample-installs/wordpress/cms/wp-content/themes/_24/library/functions/update-theme.php on line 90
[30-Apr-2015 06:52:18 UTC] PHP Warning:  Illegal string offset 'homepage' in /Users/dan/Documents/Sites/_24/sample-installs/wordpress/cms/wp-content/themes/_24/library/functions/update-theme.php on line 91
[30-Apr-2015 06:52:18 UTC] PHP Warning:  Illegal string offset 'version' in /Users/dan/Documents/Sites/_24/sample-installs/wordpress/cms/wp-content/themes/_24/library/functions/update-theme.php on line 92
[30-Apr-2015 06:52:19 UTC] PHP Warning:  Illegal string offset 'version' in /Users/dan/Documents/Sites/_24/sample-installs/wordpress/cms/wp-content/themes/_24/library/functions/update-theme.php on line 90
[30-Apr-2015 06:52:19 UTC] PHP Warning:  Illegal string offset 'homepage' in /Users/dan/Documents/Sites/_24/sample-installs/wordpress/cms/wp-content/themes/_24/library/functions/update-theme.php on line 91
[30-Apr-2015 06:52:19 UTC] PHP Warning:  Illegal string offset 'version' in /Users/dan/Documents/Sites/_24/sample-installs/wordpress/cms/wp-content/themes/_24/library/functions/update-theme.php on line 92
[30-Apr-2015 06:52:21 UTC] PHP Warning:  Cannot modify header information - headers already sent by (output started at /Users/dan/Documents/Sites/_24/sample-installs/wordpress/cms/wp-content/themes/_24/library/functions/update-theme.php:90) in /Users/dan/Documents/Sites/_24/sample-installs/wordpress/cms/wp-includes/option.php on line 748
[30-Apr-2015 06:52:21 UTC] PHP Warning:  Cannot modify header information - headers already sent by (output started at /Users/dan/Documents/Sites/_24/sample-installs/wordpress/cms/wp-content/themes/_24/library/functions/update-theme.php:90) in /Users/dan/Documents/Sites/_24/sample-installs/wordpress/cms/wp-includes/option.php on line 749
[30-Apr-2015 06:52:21 UTC] PHP Warning:  Illegal string offset 'version' in /Users/dan/Documents/Sites/_24/sample-installs/wordpress/cms/wp-content/themes/_24/library/functions/update-theme.php on line 90
[30-Apr-2015 06:52:21 UTC] PHP Warning:  Illegal string offset 'homepage' in /Users/dan/Documents/Sites/_24/sample-installs/wordpress/cms/wp-content/themes/_24/library/functions/update-theme.php on line 91
[30-Apr-2015 06:52:21 UTC] PHP Warning:  Illegal string offset 'version' in /Users/dan/Documents/Sites/_24/sample-installs/wordpress/cms/wp-content/themes/_24/library/functions/update-theme.php on line 92
[30-Apr-2015 06:52:21 UTC] PHP Warning:  Illegal string offset 'version' in /Users/dan/Documents/Sites/_24/sample-installs/wordpress/cms/wp-content/themes/_24/library/functions/update-theme.php on line 90
[30-Apr-2015 06:52:21 UTC] PHP Warning:  Illegal string offset 'homepage' in /Users/dan/Documents/Sites/_24/sample-installs/wordpress/cms/wp-content/themes/_24/library/functions/update-theme.php on line 91
[30-Apr-2015 06:52:21 UTC] PHP Warning:  Illegal string offset 'version' in /Users/dan/Documents/Sites/_24/sample-installs/wordpress/cms/wp-content/themes/_24/library/functions/update-theme.php on line 92
[30-Apr-2015 06:52:27 UTC] PHP Warning:  Illegal string offset 'version' in /Users/dan/Documents/Sites/_24/sample-installs/wordpress/cms/wp-content/themes/_24/library/functions/update-theme.php on line 90
[30-Apr-2015 06:52:27 UTC] PHP Warning:  Illegal string offset 'homepage' in /Users/dan/Documents/Sites/_24/sample-installs/wordpress/cms/wp-content/themes/_24/library/functions/update-theme.php on line 91
[30-Apr-2015 06:52:27 UTC] PHP Warning:  Illegal string offset 'version' in /Users/dan/Documents/Sites/_24/sample-installs/wordpress/cms/wp-content/themes/_24/library/functions/update-theme.php on line 92
[30-Apr-2015 06:52:27 UTC] PHP Fatal error:  Cannot use object of type stdClass as array in /Users/dan/Documents/Sites/_24/sample-installs/wordpress/cms/wp-admin/update-core.php on line 328
[30-Apr-2015 06:53:15 UTC] PHP Warning:  Missing argument 1 for get_transient(), called in /Users/dan/Documents/Sites/_24/sample-installs/wordpress/cms/wp-content/themes/_24/library/functions/update-theme.php on line 155 and defined in /Users/dan/Documents/Sites/_24/sample-installs/wordpress/cms/wp-includes/option.php on line 560
[30-Apr-2015 06:53:15 UTC] PHP Notice:  Undefined variable: transient in /Users/dan/Documents/Sites/_24/sample-installs/wordpress/cms/wp-includes/option.php on line 576
[30-Apr-2015 06:53:15 UTC] PHP Notice:  Undefined variable: transient in /Users/dan/Documents/Sites/_24/sample-installs/wordpress/cms/wp-includes/option.php on line 583
[30-Apr-2015 06:53:15 UTC] PHP Notice:  Undefined variable: transient in /Users/dan/Documents/Sites/_24/sample-installs/wordpress/cms/wp-includes/option.php on line 588
[30-Apr-2015 06:53:15 UTC] PHP Notice:  Undefined variable: transient in /Users/dan/Documents/Sites/_24/sample-installs/wordpress/cms/wp-includes/option.php on line 610
[30-Apr-2015 06:56:20 UTC] PHP Fatal error:  Cannot use object of type stdClass as array in /Users/dan/Documents/Sites/_24/sample-installs/wordpress/cms/wp-admin/update-core.php on line 328
[30-Apr-2015 06:58:30 UTC] PHP Fatal error:  Cannot use object of type stdClass as array in /Users/dan/Documents/Sites/_24/sample-installs/wordpress/cms/wp-admin/update-core.php on line 328
[30-Apr-2015 06:59:41 UTC] PHP Warning:  call_user_func_array() expects parameter 1 to be a valid callback, function 'display_transient_update_plugins' not found or invalid function name in /Users/dan/Documents/Sites/_24/sample-installs/wordpress/cms/wp-includes/plugin.php on line 213
[30-Apr-2015 06:59:42 UTC] PHP Warning:  call_user_func_array() expects parameter 1 to be a valid callback, function 'display_transient_update_plugins' not found or invalid function name in /Users/dan/Documents/Sites/_24/sample-installs/wordpress/cms/wp-includes/plugin.php on line 213
[30-Apr-2015 06:59:43 UTC] PHP Warning:  Cannot modify header information - headers already sent by (output started at /Users/dan/Documents/Sites/_24/sample-installs/wordpress/cms/wp-includes/plugin.php:213) in /Users/dan/Documents/Sites/_24/sample-installs/wordpress/cms/wp-includes/option.php on line 748
[30-Apr-2015 06:59:43 UTC] PHP Warning:  Cannot modify header information - headers already sent by (output started at /Users/dan/Documents/Sites/_24/sample-installs/wordpress/cms/wp-includes/plugin.php:213) in /Users/dan/Documents/Sites/_24/sample-installs/wordpress/cms/wp-includes/option.php on line 749
[30-Apr-2015 06:59:46 UTC] PHP Fatal error:  Cannot use object of type stdClass as array in /Users/dan/Documents/Sites/_24/sample-installs/wordpress/cms/wp-admin/update-core.php on line 328
[30-Apr-2015 06:59:54 UTC] PHP Parse error:  syntax error, unexpected ',' in /Users/dan/Documents/Sites/_24/sample-installs/wordpress/cms/wp-content/themes/_24/library/functions/update-theme.php on line 51
[30-Apr-2015 07:00:00 UTC] PHP Parse error:  syntax error, unexpected ',' in /Users/dan/Documents/Sites/_24/sample-installs/wordpress/cms/wp-content/themes/_24/library/functions/update-theme.php on line 51
[30-Apr-2015 07:00:01 UTC] PHP Parse error:  syntax error, unexpected ',' in /Users/dan/Documents/Sites/_24/sample-installs/wordpress/cms/wp-content/themes/_24/library/functions/update-theme.php on line 51
[30-Apr-2015 07:00:11 UTC] PHP Warning:  Cannot modify header information - headers already sent by (output started at /Users/dan/Documents/Sites/_24/sample-installs/wordpress/cms/wp-content/themes/_24/library/functions/update-theme.php:72) in /Users/dan/Documents/Sites/_24/sample-installs/wordpress/cms/wp-includes/option.php on line 748
[30-Apr-2015 07:00:11 UTC] PHP Warning:  Cannot modify header information - headers already sent by (output started at /Users/dan/Documents/Sites/_24/sample-installs/wordpress/cms/wp-content/themes/_24/library/functions/update-theme.php:72) in /Users/dan/Documents/Sites/_24/sample-installs/wordpress/cms/wp-includes/option.php on line 749
[30-Apr-2015 07:00:12 UTC] PHP Warning:  Cannot modify header information - headers already sent by (output started at /Users/dan/Documents/Sites/_24/sample-installs/wordpress/cms/wp-content/themes/_24/library/functions/update-theme.php:72) in /Users/dan/Documents/Sites/_24/sample-installs/wordpress/cms/wp-includes/option.php on line 748
[30-Apr-2015 07:00:12 UTC] PHP Warning:  Cannot modify header information - headers already sent by (output started at /Users/dan/Documents/Sites/_24/sample-installs/wordpress/cms/wp-content/themes/_24/library/functions/update-theme.php:72) in /Users/dan/Documents/Sites/_24/sample-installs/wordpress/cms/wp-includes/option.php on line 749
[30-Apr-2015 07:00:16 UTC] PHP Fatal error:  Cannot use object of type stdClass as array in /Users/dan/Documents/Sites/_24/sample-installs/wordpress/cms/wp-admin/update-core.php on line 328
[01-May-2015 05:21:49 UTC] PHP Warning:  An unexpected error occurred. Something may be wrong with WordPress.org or this server&#8217;s configuration. If you continue to have problems, please try the <a href="https://wordpress.org/support/">support forums</a>. (WordPress could not establish a secure connection to WordPress.org. Please contact your server administrator.) in /Users/dan/Documents/Sites/_24/sample-installs/wordpress/cms/wp-includes/update.php on line 457
[01-May-2015 05:21:57 UTC] PHP Warning:  An unexpected error occurred. Something may be wrong with WordPress.org or this server&#8217;s configuration. If you continue to have problems, please try the <a href="https://wordpress.org/support/">support forums</a>. (WordPress could not establish a secure connection to WordPress.org. Please contact your server administrator.) in /Users/dan/Documents/Sites/_24/sample-installs/wordpress/cms/wp-includes/update.php on line 457
[01-May-2015 05:22:01 UTC] PHP Warning:  Cannot modify header information - headers already sent by (output started at /Users/dan/Documents/Sites/_24/sample-installs/wordpress/cms/wp-includes/update.php:457) in /Users/dan/Documents/Sites/_24/sample-installs/wordpress/cms/wp-includes/option.php on line 748
[01-May-2015 05:22:01 UTC] PHP Warning:  Cannot modify header information - headers already sent by (output started at /Users/dan/Documents/Sites/_24/sample-installs/wordpress/cms/wp-includes/update.php:457) in /Users/dan/Documents/Sites/_24/sample-installs/wordpress/cms/wp-includes/option.php on line 749
[01-May-2015 05:22:17 UTC] PHP Fatal error:  Cannot use object of type stdClass as array in /Users/dan/Documents/Sites/_24/sample-installs/wordpress/cms/wp-admin/update-core.php on line 328
[01-May-2015 05:26:53 UTC] PHP Warning:  An unexpected error occurred. Something may be wrong with WordPress.org or this server&#8217;s configuration. If you continue to have problems, please try the <a href="https://wordpress.org/support/">support forums</a>. (WordPress could not establish a secure connection to WordPress.org. Please contact your server administrator.) in /Users/dan/Documents/Sites/_24/sample-installs/wordpress/cms/wp-includes/update.php on line 295
[01-May-2015 05:27:00 UTC] PHP Warning:  An unexpected error occurred. Something may be wrong with WordPress.org or this server&#8217;s configuration. If you continue to have problems, please try the <a href="https://wordpress.org/support/">support forums</a>. (WordPress could not establish a secure connection to WordPress.org. Please contact your server administrator.) in /Users/dan/Documents/Sites/_24/sample-installs/wordpress/cms/wp-includes/update.php on line 457
[01-May-2015 05:27:04 UTC] PHP Warning:  An unexpected error occurred. Something may be wrong with WordPress.org or this server&#8217;s configuration. If you continue to have problems, please try the <a href="https://wordpress.org/support/">support forums</a>. (WordPress could not establish a secure connection to WordPress.org. Please contact your server administrator.) in /Users/dan/Documents/Sites/_24/sample-installs/wordpress/cms/wp-includes/update.php on line 119
[01-May-2015 05:27:06 UTC] PHP Warning:  Cannot modify header information - headers already sent by (output started at /Users/dan/Documents/Sites/_24/sample-installs/wordpress/cms/wp-includes/update.php:295) in /Users/dan/Documents/Sites/_24/sample-installs/wordpress/cms/wp-includes/option.php on line 748
[01-May-2015 05:27:06 UTC] PHP Warning:  Cannot modify header information - headers already sent by (output started at /Users/dan/Documents/Sites/_24/sample-installs/wordpress/cms/wp-includes/update.php:295) in /Users/dan/Documents/Sites/_24/sample-installs/wordpress/cms/wp-includes/option.php on line 749
[01-May-2015 05:27:20 UTC] PHP Fatal error:  Cannot use object of type stdClass as array in /Users/dan/Documents/Sites/_24/sample-installs/wordpress/cms/wp-admin/update-core.php on line 328
[01-May-2015 05:28:57 UTC] PHP Fatal error:  Cannot use object of type stdClass as array in /Users/dan/Documents/Sites/_24/sample-installs/wordpress/cms/wp-admin/update-core.php on line 328
[01-May-2015 05:34:00 UTC] PHP Fatal error:  Cannot use object of type stdClass as array in /Users/dan/Documents/Sites/_24/sample-installs/wordpress/cms/wp-admin/update-core.php on line 328
[01-May-2015 05:34:31 UTC] PHP Fatal error:  Cannot use object of type stdClass as array in /Users/dan/Documents/Sites/_24/sample-installs/wordpress/cms/wp-admin/update-core.php on line 328
[01-May-2015 05:52:40 UTC] PHP Fatal error:  Cannot use object of type stdClass as array in /Users/dan/Documents/Sites/_24/sample-installs/wordpress/cms/wp-admin/update-core.php on line 328
[01-May-2015 05:53:12 UTC] PHP Fatal error:  Cannot use object of type stdClass as array in /Users/dan/Documents/Sites/_24/sample-installs/wordpress/cms/wp-admin/update-core.php on line 328
[01-May-2015 05:53:36 UTC] PHP Fatal error:  Cannot use object of type stdClass as array in /Users/dan/Documents/Sites/_24/sample-installs/wordpress/cms/wp-admin/update-core.php on line 328
[01-May-2015 05:54:17 UTC] PHP Fatal error:  Cannot use object of type stdClass as array in /Users/dan/Documents/Sites/_24/sample-installs/wordpress/cms/wp-admin/update-core.php on line 328
[01-May-2015 06:30:02 UTC] PHP Warning:  An unexpected error occurred. Something may be wrong with WordPress.org or this server&#8217;s configuration. If you continue to have problems, please try the <a href="https://wordpress.org/support/">support forums</a>. (WordPress could not establish a secure connection to WordPress.org. Please contact your server administrator.) in /Users/dan/Documents/Sites/_24/sample-installs/wordpress/cms/wp-includes/update.php on line 295
[01-May-2015 06:30:06 UTC] PHP Warning:  Cannot modify header information - headers already sent by (output started at /Users/dan/Documents/Sites/_24/sample-installs/wordpress/cms/wp-includes/update.php:295) in /Users/dan/Documents/Sites/_24/sample-installs/wordpress/cms/wp-includes/option.php on line 748
[01-May-2015 06:30:06 UTC] PHP Warning:  Cannot modify header information - headers already sent by (output started at /Users/dan/Documents/Sites/_24/sample-installs/wordpress/cms/wp-includes/update.php:295) in /Users/dan/Documents/Sites/_24/sample-installs/wordpress/cms/wp-includes/option.php on line 749
[01-May-2015 07:11:15 UTC] PHP Warning:  An unexpected error occurred. Something may be wrong with WordPress.org or this server&#8217;s configuration. If you continue to have problems, please try the <a href="https://wordpress.org/support/">support forums</a>. (WordPress could not establish a secure connection to WordPress.org. Please contact your server administrator.) in /Users/dan/Documents/Sites/_24/sample-installs/wordpress/cms/wp-includes/update.php on line 295
[01-May-2015 07:11:21 UTC] PHP Warning:  An unexpected error occurred. Something may be wrong with WordPress.org or this server&#8217;s configuration. If you continue to have problems, please try the <a href="https://wordpress.org/support/">support forums</a>. (WordPress could not establish a secure connection to WordPress.org. Please contact your server administrator.) in /Users/dan/Documents/Sites/_24/sample-installs/wordpress/cms/wp-includes/update.php on line 457
[01-May-2015 07:11:25 UTC] PHP Warning:  An unexpected error occurred. Something may be wrong with WordPress.org or this server&#8217;s configuration. If you continue to have problems, please try the <a href="https://wordpress.org/support/">support forums</a>. (WordPress could not establish a secure connection to WordPress.org. Please contact your server administrator.) in /Users/dan/Documents/Sites/_24/sample-installs/wordpress/cms/wp-includes/update.php on line 119
[01-May-2015 07:11:27 UTC] PHP Warning:  Cannot modify header information - headers already sent by (output started at /Users/dan/Documents/Sites/_24/sample-installs/wordpress/cms/wp-includes/update.php:295) in /Users/dan/Documents/Sites/_24/sample-installs/wordpress/cms/wp-includes/option.php on line 748
[01-May-2015 07:11:27 UTC] PHP Warning:  Cannot modify header information - headers already sent by (output started at /Users/dan/Documents/Sites/_24/sample-installs/wordpress/cms/wp-includes/update.php:295) in /Users/dan/Documents/Sites/_24/sample-installs/wordpress/cms/wp-includes/option.php on line 749
[01-May-2015 07:11:53 UTC] PHP Warning:  An unexpected error occurred. Something may be wrong with WordPress.org or this server&#8217;s configuration. If you continue to have problems, please try the <a href="https://wordpress.org/support/">support forums</a>. (WordPress could not establish a secure connection to WordPress.org. Please contact your server administrator.) in /Users/dan/Documents/Sites/_24/sample-installs/wordpress/cms/wp-includes/update.php on line 295
[01-May-2015 07:11:58 UTC] PHP Warning:  An unexpected error occurred. Something may be wrong with WordPress.org or this server&#8217;s configuration. If you continue to have problems, please try the <a href="https://wordpress.org/support/">support forums</a>. (WordPress could not establish a secure connection to WordPress.org. Please contact your server administrator.) in /Users/dan/Documents/Sites/_24/sample-installs/wordpress/cms/wp-includes/update.php on line 119
[01-May-2015 07:12:01 UTC] PHP Warning:  Cannot modify header information - headers already sent by (output started at /Users/dan/Documents/Sites/_24/sample-installs/wordpress/cms/wp-includes/update.php:295) in /Users/dan/Documents/Sites/_24/sample-installs/wordpress/cms/wp-includes/option.php on line 748
[01-May-2015 07:12:01 UTC] PHP Warning:  Cannot modify header information - headers already sent by (output started at /Users/dan/Documents/Sites/_24/sample-installs/wordpress/cms/wp-includes/update.php:295) in /Users/dan/Documents/Sites/_24/sample-installs/wordpress/cms/wp-includes/option.php on line 749
